[2021-09-08 14:59:48][nkPsvp7M8TyXhZcZu0ozsKnbJ2KsUDnL] Processing: App\Notifications\Admin\AdminLoginNotification
[2021-09-08 14:59:54][nkPsvp7M8TyXhZcZu0ozsKnbJ2KsUDnL] Processed:  App\Notifications\Admin\AdminLoginNotification
[2021-09-08 14:59:54][PlCpL8rtbMjt6eLRuUqScxKLGpM0IlFD] Processing: App\Notifications\Admin\AdminLoginNotification
[2021-09-08 14:59:54][PlCpL8rtbMjt6eLRuUqScxKLGpM0IlFD] Processed:  App\Notifications\Admin\AdminLoginNotification
[2021-09-08 14:59:54][z6aTO3X5zP6fdVnuNgnWXsPQa6hXMQVb] Processing: App\Notifications\Admin\AdminLoginNotification
[2021-09-08 14:59:54][z6aTO3X5zP6fdVnuNgnWXsPQa6hXMQVb] Failed:     App\Notifications\Admin\AdminLoginNotification
[2021-09-08 15:04:52][N8XxwgbniXEgWbhEYJt3aWHh9KHMCZkm] Processing: App\Notifications\Admin\AdminLoginNotification
[2021-09-08 15:04:54][N8XxwgbniXEgWbhEYJt3aWHh9KHMCZkm] Processed:  App\Notifications\Admin\AdminLoginNotification
[2021-09-08 15:04:54][vXOrInXWCJ8hEQrRArAdZM8tY7KoYuvT] Processing: App\Notifications\Admin\AdminLoginNotification
[2021-09-08 15:04:54][vXOrInXWCJ8hEQrRArAdZM8tY7KoYuvT] Processed:  App\Notifications\Admin\AdminLoginNotification
[2021-09-08 15:04:54][nAj9YJnHKGu4Pu9V8qo7hicu2COUcGws] Processing: App\Notifications\Admin\AdminLoginNotification
[2021-09-08 15:04:54][nAj9YJnHKGu4Pu9V8qo7hicu2COUcGws] Failed:     App\Notifications\Admin\AdminLoginNotification
[2021-09-08 15:06:13][02ydWL5pMc7ahPoFmQXoRacakRhBtADk] Processing: App\Notifications\Admin\AdminLoginNotification
[2021-09-08 15:06:15][02ydWL5pMc7ahPoFmQXoRacakRhBtADk] Processed:  App\Notifications\Admin\AdminLoginNotification
[2021-09-08 15:06:15][CGPb26N8EZZ8gTLyARxKdTlDnLEIRMCe] Processing: App\Notifications\Admin\AdminLoginNotification
[2021-09-08 15:06:15][CGPb26N8EZZ8gTLyARxKdTlDnLEIRMCe] Processed:  App\Notifications\Admin\AdminLoginNotification
[2021-09-08 15:06:15][naBxTqCUSucmiObGhyj8vCNJDa1k5VvY] Processing: App\Notifications\Admin\AdminLoginNotification
[2021-09-08 15:06:15][naBxTqCUSucmiObGhyj8vCNJDa1k5VvY] Failed:     App\Notifications\Admin\AdminLoginNotification
[2021-09-08 15:06:33][olv0KVXxu70YNYuoYJj0ITQnxpL1uPrU] Processing: App\Notifications\Admin\AdminLoginNotification
[2021-09-08 15:06:36][olv0KVXxu70YNYuoYJj0ITQnxpL1uPrU] Processed:  App\Notifications\Admin\AdminLoginNotification
[2021-09-08 15:06:36][GBFGfOcZRZD8B79oRV7EUnnQYHzjMDhs] Processing: App\Notifications\Admin\AdminLoginNotification
[2021-09-08 15:06:36][GBFGfOcZRZD8B79oRV7EUnnQYHzjMDhs] Processed:  App\Notifications\Admin\AdminLoginNotification
[2021-09-08 15:06:36][dGHz0OwhUqAFWC1sRboGaDrEaxlmfsBJ] Processing: App\Notifications\Admin\AdminLoginNotification
[2021-09-08 15:06:36][dGHz0OwhUqAFWC1sRboGaDrEaxlmfsBJ] Failed:     App\Notifications\Admin\AdminLoginNotification
[2021-09-08 15:17:46][mr2tC1W4mthd33jds8rNFA9ktcF1GWkH] Processing: App\Notifications\Admin\AdminLoginNotification
[2021-09-08 15:17:48][mr2tC1W4mthd33jds8rNFA9ktcF1GWkH] Processed:  App\Notifications\Admin\AdminLoginNotification
[2021-09-08 15:17:48][IE99l6tt6LgzHrTM9L2cRZOirja5qnHd] Processing: App\Notifications\Admin\AdminLoginNotification
[2021-09-08 15:17:48][IE99l6tt6LgzHrTM9L2cRZOirja5qnHd] Processed:  App\Notifications\Admin\AdminLoginNotification
[2021-09-08 15:17:48][Ngswzz4uxoWTGwUQkVTSNfy9JJGkJ8Kp] Processing: App\Notifications\Admin\AdminLoginNotification
[2021-09-08 15:17:48][Ngswzz4uxoWTGwUQkVTSNfy9JJGkJ8Kp] Failed:     App\Notifications\Admin\AdminLoginNotification
[2021-09-08 15:51:58][OUFKF2Mn5kCI5Ba6dZPI9K5Ck5yGW5P8] Processing: App\Notifications\Admin\AdminLoginNotification
[2021-09-08 15:52:00][OUFKF2Mn5kCI5Ba6dZPI9K5Ck5yGW5P8] Processed:  App\Notifications\Admin\AdminLoginNotification
[2021-09-08 15:52:00][dsHM5gGMYPDqvMoIXtK0ZLTOS9Le7Npo] Processing: App\Notifications\Admin\AdminLoginNotification
[2021-09-08 15:52:00][dsHM5gGMYPDqvMoIXtK0ZLTOS9Le7Npo] Processed:  App\Notifications\Admin\AdminLoginNotification
[2021-09-08 15:52:00][ggPa2QrjROZCzkIejmEGot8fTnG6re7a] Processing: App\Notifications\Admin\AdminLoginNotification
[2021-09-08 15:52:00][ggPa2QrjROZCzkIejmEGot8fTnG6re7a] Failed:     App\Notifications\Admin\AdminLoginNotification
[2021-09-08 15:52:21][cn4CWG7PTyz89xzxdVWrIxX1x5lxK7gS] Processing: App\Notifications\Admin\AdminLoginNotification
[2021-09-08 15:52:24][cn4CWG7PTyz89xzxdVWrIxX1x5lxK7gS] Processed:  App\Notifications\Admin\AdminLoginNotification
[2021-09-08 15:52:24][EP0uulKmyVmsvdgO8ByvdjKUGVVYXVej] Processing: App\Notifications\Admin\AdminLoginNotification
[2021-09-08 15:52:24][EP0uulKmyVmsvdgO8ByvdjKUGVVYXVej] Processed:  App\Notifications\Admin\AdminLoginNotification
[2021-09-08 15:52:24][HfKxDQ4t2lq97Rjn2aEigK7u5AVgHFuL] Processing: App\Notifications\Admin\AdminLoginNotification
[2021-09-08 15:52:24][HfKxDQ4t2lq97Rjn2aEigK7u5AVgHFuL] Failed:     App\Notifications\Admin\AdminLoginNotification
[2021-09-08 16:15:20][9yP2pDjk7xG0LTgDhGYVwxQbMt7S8sWB] Processing: App\Notifications\Admin\AdminLoginNotification
[2021-09-08 16:15:23][9yP2pDjk7xG0LTgDhGYVwxQbMt7S8sWB] Processed:  App\Notifications\Admin\AdminLoginNotification
[2021-09-08 16:15:23][yBjOj7ZMWDKYM2zVFQi5UqqGUesHCBaI] Processing: App\Notifications\Admin\AdminLoginNotification
[2021-09-08 16:15:23][yBjOj7ZMWDKYM2zVFQi5UqqGUesHCBaI] Processed:  App\Notifications\Admin\AdminLoginNotification
[2021-09-08 16:15:23][3lTI99wNg0xicWSYeq8XbuUHInyhaRAg] Processing: App\Notifications\Admin\AdminLoginNotification
[2021-09-08 16:15:23][3lTI99wNg0xicWSYeq8XbuUHInyhaRAg] Failed:     App\Notifications\Admin\AdminLoginNotification
[2021-09-09 13:10:05][xxwchrf4Y3w8aCThOE0u21Vzy5iIVH7v] Processing: App\Notifications\Admin\AdminLoginNotification
[2021-09-09 13:10:07][xxwchrf4Y3w8aCThOE0u21Vzy5iIVH7v] Processed:  App\Notifications\Admin\AdminLoginNotification
[2021-09-09 13:10:07][N0Fnl8QPxjV1qDFMu2FDqOIe6HbIHhsZ] Processing: App\Notifications\Admin\AdminLoginNotification
[2021-09-09 13:10:07][N0Fnl8QPxjV1qDFMu2FDqOIe6HbIHhsZ] Processed:  App\Notifications\Admin\AdminLoginNotification
[2021-09-09 13:10:07][HefIGxjZLmysaAXrHvzxubNKMMbifnEe] Processing: App\Notifications\Admin\AdminLoginNotification
[2021-09-09 13:10:07][HefIGxjZLmysaAXrHvzxubNKMMbifnEe] Failed:     App\Notifications\Admin\AdminLoginNotification
[2021-09-09 13:11:10][atcfeQwTrnV04DkTh44q2Dr936tGYocV] Processing: App\Notifications\Admin\AdminLoginNotification
[2021-09-09 13:11:13][atcfeQwTrnV04DkTh44q2Dr936tGYocV] Processed:  App\Notifications\Admin\AdminLoginNotification
[2021-09-09 13:11:13][4iN7RkrFCfQsicin7YZ4wLPzGMKRuTPj] Processing: App\Notifications\Admin\AdminLoginNotification
[2021-09-09 13:11:13][4iN7RkrFCfQsicin7YZ4wLPzGMKRuTPj] Processed:  App\Notifications\Admin\AdminLoginNotification
[2021-09-09 13:11:13][SYaP4uyqQi1o37BK4CFCjKx7FmapafX7] Processing: App\Notifications\Admin\AdminLoginNotification
[2021-09-09 13:11:13][SYaP4uyqQi1o37BK4CFCjKx7FmapafX7] Failed:     App\Notifications\Admin\AdminLoginNotification
[2021-09-09 13:52:30][XybVsWxf7XKzWiqBo2OSel9STagySGVK] Processing: App\Notifications\Admin\AdminLoginNotification
[2021-09-09 13:52:32][XybVsWxf7XKzWiqBo2OSel9STagySGVK] Processed:  App\Notifications\Admin\AdminLoginNotification
[2021-09-09 13:52:32][BDVvsPgZVnODCExf75YcpJmHqgZms06H] Processing: App\Notifications\Admin\AdminLoginNotification
[2021-09-09 13:52:32][BDVvsPgZVnODCExf75YcpJmHqgZms06H] Processed:  App\Notifications\Admin\AdminLoginNotification
[2021-09-09 13:52:32][2tA7lCqoqtVnptYBPfyZWgGLn9htN365] Processing: App\Notifications\Admin\AdminLoginNotification
[2021-09-09 13:52:32][2tA7lCqoqtVnptYBPfyZWgGLn9htN365] Failed:     App\Notifications\Admin\AdminLoginNotification
